<?xml version="1.0" encoding="UTF-8"?>
<coverage generated="1554322412197" clover="3.2.0">
  <project timestamp="1554322412197" name="All files">
    <metrics statements="10" coveredstatements="0" conditionals="2" coveredconditionals="0" methods="5" coveredmethods="0" elements="17" coveredelements="0" complexity="0" loc="10" ncloc="10" packages="1" files="2" classes="2"/>
    <file name="index.js" path="/tmp/sample/src/router/index.js">
      <metrics statements="4" coveredstatements="0" conditionals="0" coveredconditionals="0" methods="2" coveredmethods="0"/>
      <line num="6" count="0" type="stmt"/>
      <line num="14" count="0" type="stmt"/>
      <line num="15" count="0" type="stmt"/>
      <line num="25" count="0" type="stmt"/>
    </file>
    <file name="routes.js" path="/tmp/sample/src/router/routes.js">
      <metrics statements="6" coveredstatements="0" conditionals="2" coveredconditionals="0" methods="3" coveredmethods="0"/>
      <line num="2" count="0" type="stmt"/>
      <line num="5" count="0" type="stmt"/>
      <line num="7" count="0" type="stmt"/>
      <line num="13" count="0" type="cond" truecount="0" falsecount="2"/>
      <line num="14" count="0" type="stmt"/>
      <line num="16" count="0" type="stmt"/>
    </file>
  </project>
</coverage>
